[2024-05-09 01:46:44] [keylogger.py - PRODIGY_CS_04 - Visual Studio Code] [Enter]
[2024-05-09 01:46:45] [keylogger.py - PRODIGY_CS_04 - Visual Studio Code] [left windows]
[2024-05-09 01:46:46] [Search] n
[2024-05-09 01:46:46] [Search] o
[2024-05-09 01:46:46] [Search] t
[2024-05-09 01:46:46] [] [Enter]
[2024-05-09 01:46:49] [Untitled - Notepad] t
[2024-05-09 01:46:49] [Untitled - Notepad] [ctrl]
[2024-05-09 01:46:50] [*H - Notepad] [shift]
[2024-05-09 01:46:50] [*H - Notepad] h
[2024-05-09 01:46:50] [*He - Notepad] e
[2024-05-09 01:46:50] [*Hem - Notepad] m
[2024-05-09 01:46:51] [*Hem - Notepad] [caps lock]
[2024-05-09 01:46:51] [*HemN - Notepad] N
[2024-05-09 01:46:52] [*Hem - Notepad] [backspace]
[2024-05-09 01:46:52] [*Hem - Notepad] [caps lock]
[2024-05-09 01:46:53] [*Hema - Notepad] a
[2024-05-09 01:46:53] [*Heman - Notepad] n
[2024-05-09 01:46:53] [*Hemant - Notepad] t
[2024-05-09 01:46:54] [*Hemant - Notepad] [Space]
[2024-05-09 01:46:54] [*Hemant D - Notepad] D
[2024-05-09 01:46:55] [*Hemant DA - Notepad] A
[2024-05-09 01:46:55] [*Hemant DA - Notepad] [shift]
[2024-05-09 01:46:55] [*Hemant D - Notepad] [backspace]
[2024-05-09 01:46:56] [*Hemant Da - Notepad] a
[2024-05-09 01:46:57] [*Hemant Day - Notepad] y
[2024-05-09 01:46:57] [*Hemant Dayma - Notepad] m
[2024-05-09 01:46:57] [*Hemant Dayma - Notepad] a
[2024-05-09 01:46:58] [*Hemant Dayma - Notepad] [Enter]
[2024-05-09 01:47:05] [keylogger.py - PRODIGY_CS_04 - Visual Studio Code] 2
